Performing C SOURCE FILE Test HAVE___DECLSPEC_DLLEXPORT_ failed with the following output:
Change Dir: /home/cuyiguaton/Dropbox/Doctorado/comprimidas/programa/build/CMakeFiles/CMakeTmp

Run Build Command(s):/usr/bin/gmake cmTC_695a6/fast && /usr/bin/gmake  -f CMakeFiles/cmTC_695a6.dir/build.make CMakeFiles/cmTC_695a6.dir/build
gmake[1]: Entering directory '/home/cuyiguaton/Dropbox/Doctorado/comprimidas/programa/build/CMakeFiles/CMakeTmp'
Building C object CMakeFiles/cmTC_695a6.dir/src.c.o
/bin/x86_64-linux-gnu-gcc-10   -Wall -DHAVE___DECLSPEC_DLLEXPORT_ -o CMakeFiles/cmTC_695a6.dir/src.c.o -c /home/cuyiguaton/Dropbox/Doctorado/comprimidas/programa/build/CMakeFiles/CMakeTmp/src.c
/home/cuyiguaton/Dropbox/Doctorado/comprimidas/programa/build/CMakeFiles/CMakeTmp/src.c:1:1: warning: return type defaults to ‘int’ [-Wimplicit-int]
    1 | __declspec(dllexport) void func(); void func() { } int main() { func(); return 0; }
      | ^~~~~~~~~~
/home/cuyiguaton/Dropbox/Doctorado/comprimidas/programa/build/CMakeFiles/CMakeTmp/src.c: In function ‘__declspec’:
/home/cuyiguaton/Dropbox/Doctorado/comprimidas/programa/build/CMakeFiles/CMakeTmp/src.c:1:48: error: expected ‘=’, ‘,’, ‘;’, ‘asm’ or ‘__attribute__’ before ‘{’ token
    1 | __declspec(dllexport) void func(); void func() { } int main() { func(); return 0; }
      |                                                ^
/home/cuyiguaton/Dropbox/Doctorado/comprimidas/programa/build/CMakeFiles/CMakeTmp/src.c:1:63: error: expected ‘=’, ‘,’, ‘;’, ‘asm’ or ‘__attribute__’ before ‘{’ token
    1 | __declspec(dllexport) void func(); void func() { } int main() { func(); return 0; }
      |                                                               ^
/home/cuyiguaton/Dropbox/Doctorado/comprimidas/programa/build/CMakeFiles/CMakeTmp/src.c:1:1: warning: type of ‘dllexport’ defaults to ‘int’ [-Wimplicit-int]
    1 | __declspec(dllexport) void func(); void func() { } int main() { func(); return 0; }
      | ^~~~~~~~~~
/home/cuyiguaton/Dropbox/Doctorado/comprimidas/programa/build/CMakeFiles/CMakeTmp/src.c:1:28: error: declaration for parameter ‘func’ but no such parameter
    1 | __declspec(dllexport) void func(); void func() { } int main() { func(); return 0; }
      |                            ^~~~
/home/cuyiguaton/Dropbox/Doctorado/comprimidas/programa/build/CMakeFiles/CMakeTmp/src.c:1: error: expected ‘{’ at end of input
    1 | __declspec(dllexport) void func(); void func() { } int main() { func(); return 0; }
      | 
/home/cuyiguaton/Dropbox/Doctorado/comprimidas/programa/build/CMakeFiles/CMakeTmp/src.c:1: warning: control reaches end of non-void function [-Wreturn-type]
    1 | __declspec(dllexport) void func(); void func() { } int main() { func(); return 0; }
      | 
gmake[1]: *** [CMakeFiles/cmTC_695a6.dir/build.make:85: CMakeFiles/cmTC_695a6.dir/src.c.o] Error 1
gmake[1]: Leaving directory '/home/cuyiguaton/Dropbox/Doctorado/comprimidas/programa/build/CMakeFiles/CMakeTmp'
gmake: *** [Makefile:140: cmTC_695a6/fast] Error 2


Source file was:
__declspec(dllexport) void func(); void func() { } int main() { func(); return 0; }
Performing C SOURCE FILE Test HAVE___DECLSPEC_DLLIMPORT_ failed with the following output:
Change Dir: /home/cuyiguaton/Dropbox/Doctorado/comprimidas/programa/build/CMakeFiles/CMakeTmp

Run Build Command(s):/usr/bin/gmake cmTC_b79f5/fast && /usr/bin/gmake  -f CMakeFiles/cmTC_b79f5.dir/build.make CMakeFiles/cmTC_b79f5.dir/build
gmake[1]: Entering directory '/home/cuyiguaton/Dropbox/Doctorado/comprimidas/programa/build/CMakeFiles/CMakeTmp'
Building C object CMakeFiles/cmTC_b79f5.dir/src.c.o
/bin/x86_64-linux-gnu-gcc-10   -Wall -DHAVE___DECLSPEC_DLLIMPORT_ -o CMakeFiles/cmTC_b79f5.dir/src.c.o -c /home/cuyiguaton/Dropbox/Doctorado/comprimidas/programa/build/CMakeFiles/CMakeTmp/src.c
/home/cuyiguaton/Dropbox/Doctorado/comprimidas/programa/build/CMakeFiles/CMakeTmp/src.c:1:1: warning: return type defaults to ‘int’ [-Wimplicit-int]
    1 | __declspec(dllimport) void func(); void func() { } int main() { func(); return 0; }
      | ^~~~~~~~~~
/home/cuyiguaton/Dropbox/Doctorado/comprimidas/programa/build/CMakeFiles/CMakeTmp/src.c: In function ‘__declspec’:
/home/cuyiguaton/Dropbox/Doctorado/comprimidas/programa/build/CMakeFiles/CMakeTmp/src.c:1:48: error: expected ‘=’, ‘,’, ‘;’, ‘asm’ or ‘__attribute__’ before ‘{’ token
    1 | __declspec(dllimport) void func(); void func() { } int main() { func(); return 0; }
      |                                                ^
/home/cuyiguaton/Dropbox/Doctorado/comprimidas/programa/build/CMakeFiles/CMakeTmp/src.c:1:63: error: expected ‘=’, ‘,’, ‘;’, ‘asm’ or ‘__attribute__’ before ‘{’ token
    1 | __declspec(dllimport) void func(); void func() { } int main() { func(); return 0; }
      |                                                               ^
/home/cuyiguaton/Dropbox/Doctorado/comprimidas/programa/build/CMakeFiles/CMakeTmp/src.c:1:1: warning: type of ‘dllimport’ defaults to ‘int’ [-Wimplicit-int]
    1 | __declspec(dllimport) void func(); void func() { } int main() { func(); return 0; }
      | ^~~~~~~~~~
/home/cuyiguaton/Dropbox/Doctorado/comprimidas/programa/build/CMakeFiles/CMakeTmp/src.c:1:28: error: declaration for parameter ‘func’ but no such parameter
    1 | __declspec(dllimport) void func(); void func() { } int main() { func(); return 0; }
      |                            ^~~~
/home/cuyiguaton/Dropbox/Doctorado/comprimidas/programa/build/CMakeFiles/CMakeTmp/src.c:1: error: expected ‘{’ at end of input
    1 | __declspec(dllimport) void func(); void func() { } int main() { func(); return 0; }
      | 
/home/cuyiguaton/Dropbox/Doctorado/comprimidas/programa/build/CMakeFiles/CMakeTmp/src.c:1: warning: control reaches end of non-void function [-Wreturn-type]
    1 | __declspec(dllimport) void func(); void func() { } int main() { func(); return 0; }
      | 
gmake[1]: *** [CMakeFiles/cmTC_b79f5.dir/build.make:85: CMakeFiles/cmTC_b79f5.dir/src.c.o] Error 1
gmake[1]: Leaving directory '/home/cuyiguaton/Dropbox/Doctorado/comprimidas/programa/build/CMakeFiles/CMakeTmp'
gmake: *** [Makefile:140: cmTC_b79f5/fast] Error 2


Source file was:
__declspec(dllimport) void func(); void func() { } int main() { func(); return 0; }
Performing C SOURCE FILE Test HAVE___DECLSPEC_DLLEXPORT_ failed with the following output:
Change Dir: /home/ssalinas/Dropbox/Doctorado/Investigacion/programa/build/CMakeFiles/CMakeTmp

Run Build Command(s):/usr/bin/gmake cmTC_ff824/fast && /usr/bin/gmake  -f CMakeFiles/cmTC_ff824.dir/build.make CMakeFiles/cmTC_ff824.dir/build
gmake[1]: Entering directory '/home/ssalinas/Dropbox/Doctorado/Investigacion/programa/build/CMakeFiles/CMakeTmp'
Building C object CMakeFiles/cmTC_ff824.dir/src.c.o
/usr/bin/cc   -Wall -DHAVE___DECLSPEC_DLLEXPORT_ -o CMakeFiles/cmTC_ff824.dir/src.c.o -c /home/ssalinas/Dropbox/Doctorado/Investigacion/programa/build/CMakeFiles/CMakeTmp/src.c
/home/ssalinas/Dropbox/Doctorado/Investigacion/programa/build/CMakeFiles/CMakeTmp/src.c:1:1: warning: return type defaults to ‘int’ [-Wimplicit-int]
    1 | __declspec(dllexport) void func(); void func() { } int main() { func(); return 0; }
      | ^~~~~~~~~~
/home/ssalinas/Dropbox/Doctorado/Investigacion/programa/build/CMakeFiles/CMakeTmp/src.c: In function ‘__declspec’:
/home/ssalinas/Dropbox/Doctorado/Investigacion/programa/build/CMakeFiles/CMakeTmp/src.c:1:48: error: expected ‘=’, ‘,’, ‘;’, ‘asm’ or ‘__attribute__’ before ‘{’ token
    1 | __declspec(dllexport) void func(); void func() { } int main() { func(); return 0; }
      |                                                ^
/home/ssalinas/Dropbox/Doctorado/Investigacion/programa/build/CMakeFiles/CMakeTmp/src.c:1:63: error: expected ‘=’, ‘,’, ‘;’, ‘asm’ or ‘__attribute__’ before ‘{’ token
    1 | __declspec(dllexport) void func(); void func() { } int main() { func(); return 0; }
      |                                                               ^
/home/ssalinas/Dropbox/Doctorado/Investigacion/programa/build/CMakeFiles/CMakeTmp/src.c:1:1: warning: type of ‘dllexport’ defaults to ‘int’ [-Wimplicit-int]
    1 | __declspec(dllexport) void func(); void func() { } int main() { func(); return 0; }
      | ^~~~~~~~~~
/home/ssalinas/Dropbox/Doctorado/Investigacion/programa/build/CMakeFiles/CMakeTmp/src.c:1:28: error: declaration for parameter ‘func’ but no such parameter
    1 | __declspec(dllexport) void func(); void func() { } int main() { func(); return 0; }
      |                            ^~~~
/home/ssalinas/Dropbox/Doctorado/Investigacion/programa/build/CMakeFiles/CMakeTmp/src.c:2: error: expected ‘{’ at end of input
/home/ssalinas/Dropbox/Doctorado/Investigacion/programa/build/CMakeFiles/CMakeTmp/src.c:2: warning: control reaches end of non-void function [-Wreturn-type]
gmake[1]: *** [CMakeFiles/cmTC_ff824.dir/build.make:85: CMakeFiles/cmTC_ff824.dir/src.c.o] Error 1
gmake[1]: Leaving directory '/home/ssalinas/Dropbox/Doctorado/Investigacion/programa/build/CMakeFiles/CMakeTmp'
gmake: *** [Makefile:140: cmTC_ff824/fast] Error 2


Source file was:
__declspec(dllexport) void func(); void func() { } int main() { func(); return 0; }
Performing C SOURCE FILE Test HAVE___DECLSPEC_DLLIMPORT_ failed with the following output:
Change Dir: /home/ssalinas/Dropbox/Doctorado/Investigacion/programa/build/CMakeFiles/CMakeTmp

Run Build Command(s):/usr/bin/gmake cmTC_67ee8/fast && /usr/bin/gmake  -f CMakeFiles/cmTC_67ee8.dir/build.make CMakeFiles/cmTC_67ee8.dir/build
gmake[1]: Entering directory '/home/ssalinas/Dropbox/Doctorado/Investigacion/programa/build/CMakeFiles/CMakeTmp'
Building C object CMakeFiles/cmTC_67ee8.dir/src.c.o
/usr/bin/cc   -Wall -DHAVE___DECLSPEC_DLLIMPORT_ -o CMakeFiles/cmTC_67ee8.dir/src.c.o -c /home/ssalinas/Dropbox/Doctorado/Investigacion/programa/build/CMakeFiles/CMakeTmp/src.c
/home/ssalinas/Dropbox/Doctorado/Investigacion/programa/build/CMakeFiles/CMakeTmp/src.c:1:1: warning: return type defaults to ‘int’ [-Wimplicit-int]
    1 | __declspec(dllimport) void func(); void func() { } int main() { func(); return 0; }
      | ^~~~~~~~~~
/home/ssalinas/Dropbox/Doctorado/Investigacion/programa/build/CMakeFiles/CMakeTmp/src.c: In function ‘__declspec’:
/home/ssalinas/Dropbox/Doctorado/Investigacion/programa/build/CMakeFiles/CMakeTmp/src.c:1:48: error: expected ‘=’, ‘,’, ‘;’, ‘asm’ or ‘__attribute__’ before ‘{’ token
    1 | __declspec(dllimport) void func(); void func() { } int main() { func(); return 0; }
      |                                                ^
/home/ssalinas/Dropbox/Doctorado/Investigacion/programa/build/CMakeFiles/CMakeTmp/src.c:1:63: error: expected ‘=’, ‘,’, ‘;’, ‘asm’ or ‘__attribute__’ before ‘{’ token
    1 | __declspec(dllimport) void func(); void func() { } int main() { func(); return 0; }
      |                                                               ^
/home/ssalinas/Dropbox/Doctorado/Investigacion/programa/build/CMakeFiles/CMakeTmp/src.c:1:1: warning: type of ‘dllimport’ defaults to ‘int’ [-Wimplicit-int]
    1 | __declspec(dllimport) void func(); void func() { } int main() { func(); return 0; }
      | ^~~~~~~~~~
/home/ssalinas/Dropbox/Doctorado/Investigacion/programa/build/CMakeFiles/CMakeTmp/src.c:1:28: error: declaration for parameter ‘func’ but no such parameter
    1 | __declspec(dllimport) void func(); void func() { } int main() { func(); return 0; }
      |                            ^~~~
/home/ssalinas/Dropbox/Doctorado/Investigacion/programa/build/CMakeFiles/CMakeTmp/src.c:2: error: expected ‘{’ at end of input
/home/ssalinas/Dropbox/Doctorado/Investigacion/programa/build/CMakeFiles/CMakeTmp/src.c:2: warning: control reaches end of non-void function [-Wreturn-type]
gmake[1]: *** [CMakeFiles/cmTC_67ee8.dir/build.make:85: CMakeFiles/cmTC_67ee8.dir/src.c.o] Error 1
gmake[1]: Leaving directory '/home/ssalinas/Dropbox/Doctorado/Investigacion/programa/build/CMakeFiles/CMakeTmp'
gmake: *** [Makefile:140: cmTC_67ee8/fast] Error 2


Source file was:
__declspec(dllimport) void func(); void func() { } int main() { func(); return 0; }
Performing C SOURCE FILE Test HAVE___DECLSPEC_DLLEXPORT_ failed with the following output:
Change Dir: /home/ssalinas/Dropbox/Doctorado/Investigacion/PoyllaComprimida/build/CMakeFiles/CMakeTmp

Run Build Command(s):/usr/bin/gmake cmTC_0c357/fast && /usr/bin/gmake  -f CMakeFiles/cmTC_0c357.dir/build.make CMakeFiles/cmTC_0c357.dir/build
gmake[1]: Entering directory '/home/ssalinas/Dropbox/Doctorado/Investigacion/PoyllaComprimida/build/CMakeFiles/CMakeTmp'
Building C object CMakeFiles/cmTC_0c357.dir/src.c.o
/usr/bin/cc   -Wall -DHAVE___DECLSPEC_DLLEXPORT_ -o CMakeFiles/cmTC_0c357.dir/src.c.o -c /home/ssalinas/Dropbox/Doctorado/Investigacion/PoyllaComprimida/build/CMakeFiles/CMakeTmp/src.c
/home/ssalinas/Dropbox/Doctorado/Investigacion/PoyllaComprimida/build/CMakeFiles/CMakeTmp/src.c:1:1: warning: return type defaults to ‘int’ [-Wimplicit-int]
    1 | __declspec(dllexport) void func(); void func() { } int main() { func(); return 0; }
      | ^~~~~~~~~~
/home/ssalinas/Dropbox/Doctorado/Investigacion/PoyllaComprimida/build/CMakeFiles/CMakeTmp/src.c: In function ‘__declspec’:
/home/ssalinas/Dropbox/Doctorado/Investigacion/PoyllaComprimida/build/CMakeFiles/CMakeTmp/src.c:1:48: error: expected ‘=’, ‘,’, ‘;’, ‘asm’ or ‘__attribute__’ before ‘{’ token
    1 | __declspec(dllexport) void func(); void func() { } int main() { func(); return 0; }
      |                                                ^
/home/ssalinas/Dropbox/Doctorado/Investigacion/PoyllaComprimida/build/CMakeFiles/CMakeTmp/src.c:1:63: error: expected ‘=’, ‘,’, ‘;’, ‘asm’ or ‘__attribute__’ before ‘{’ token
    1 | __declspec(dllexport) void func(); void func() { } int main() { func(); return 0; }
      |                                                               ^
/home/ssalinas/Dropbox/Doctorado/Investigacion/PoyllaComprimida/build/CMakeFiles/CMakeTmp/src.c:1:1: warning: type of ‘dllexport’ defaults to ‘int’ [-Wimplicit-int]
    1 | __declspec(dllexport) void func(); void func() { } int main() { func(); return 0; }
      | ^~~~~~~~~~
/home/ssalinas/Dropbox/Doctorado/Investigacion/PoyllaComprimida/build/CMakeFiles/CMakeTmp/src.c:1:28: error: declaration for parameter ‘func’ but no such parameter
    1 | __declspec(dllexport) void func(); void func() { } int main() { func(); return 0; }
      |                            ^~~~
/home/ssalinas/Dropbox/Doctorado/Investigacion/PoyllaComprimida/build/CMakeFiles/CMakeTmp/src.c:2: error: expected ‘{’ at end of input
/home/ssalinas/Dropbox/Doctorado/Investigacion/PoyllaComprimida/build/CMakeFiles/CMakeTmp/src.c:2: warning: control reaches end of non-void function [-Wreturn-type]
gmake[1]: *** [CMakeFiles/cmTC_0c357.dir/build.make:85: CMakeFiles/cmTC_0c357.dir/src.c.o] Error 1
gmake[1]: Leaving directory '/home/ssalinas/Dropbox/Doctorado/Investigacion/PoyllaComprimida/build/CMakeFiles/CMakeTmp'
gmake: *** [Makefile:140: cmTC_0c357/fast] Error 2


Source file was:
__declspec(dllexport) void func(); void func() { } int main() { func(); return 0; }
Performing C SOURCE FILE Test HAVE___DECLSPEC_DLLIMPORT_ failed with the following output:
Change Dir: /home/ssalinas/Dropbox/Doctorado/Investigacion/PoyllaComprimida/build/CMakeFiles/CMakeTmp

Run Build Command(s):/usr/bin/gmake cmTC_ac283/fast && /usr/bin/gmake  -f CMakeFiles/cmTC_ac283.dir/build.make CMakeFiles/cmTC_ac283.dir/build
gmake[1]: Entering directory '/home/ssalinas/Dropbox/Doctorado/Investigacion/PoyllaComprimida/build/CMakeFiles/CMakeTmp'
Building C object CMakeFiles/cmTC_ac283.dir/src.c.o
/usr/bin/cc   -Wall -DHAVE___DECLSPEC_DLLIMPORT_ -o CMakeFiles/cmTC_ac283.dir/src.c.o -c /home/ssalinas/Dropbox/Doctorado/Investigacion/PoyllaComprimida/build/CMakeFiles/CMakeTmp/src.c
/home/ssalinas/Dropbox/Doctorado/Investigacion/PoyllaComprimida/build/CMakeFiles/CMakeTmp/src.c:1:1: warning: return type defaults to ‘int’ [-Wimplicit-int]
    1 | __declspec(dllimport) void func(); void func() { } int main() { func(); return 0; }
      | ^~~~~~~~~~
/home/ssalinas/Dropbox/Doctorado/Investigacion/PoyllaComprimida/build/CMakeFiles/CMakeTmp/src.c: In function ‘__declspec’:
/home/ssalinas/Dropbox/Doctorado/Investigacion/PoyllaComprimida/build/CMakeFiles/CMakeTmp/src.c:1:48: error: expected ‘=’, ‘,’, ‘;’, ‘asm’ or ‘__attribute__’ before ‘{’ token
    1 | __declspec(dllimport) void func(); void func() { } int main() { func(); return 0; }
      |                                                ^
/home/ssalinas/Dropbox/Doctorado/Investigacion/PoyllaComprimida/build/CMakeFiles/CMakeTmp/src.c:1:63: error: expected ‘=’, ‘,’, ‘;’, ‘asm’ or ‘__attribute__’ before ‘{’ token
    1 | __declspec(dllimport) void func(); void func() { } int main() { func(); return 0; }
      |                                                               ^
/home/ssalinas/Dropbox/Doctorado/Investigacion/PoyllaComprimida/build/CMakeFiles/CMakeTmp/src.c:1:1: warning: type of ‘dllimport’ defaults to ‘int’ [-Wimplicit-int]
    1 | __declspec(dllimport) void func(); void func() { } int main() { func(); return 0; }
      | ^~~~~~~~~~
/home/ssalinas/Dropbox/Doctorado/Investigacion/PoyllaComprimida/build/CMakeFiles/CMakeTmp/src.c:1:28: error: declaration for parameter ‘func’ but no such parameter
    1 | __declspec(dllimport) void func(); void func() { } int main() { func(); return 0; }
      |                            ^~~~
/home/ssalinas/Dropbox/Doctorado/Investigacion/PoyllaComprimida/build/CMakeFiles/CMakeTmp/src.c:2: error: expected ‘{’ at end of input
/home/ssalinas/Dropbox/Doctorado/Investigacion/PoyllaComprimida/build/CMakeFiles/CMakeTmp/src.c:2: warning: control reaches end of non-void function [-Wreturn-type]
gmake[1]: *** [CMakeFiles/cmTC_ac283.dir/build.make:85: CMakeFiles/cmTC_ac283.dir/src.c.o] Error 1
gmake[1]: Leaving directory '/home/ssalinas/Dropbox/Doctorado/Investigacion/PoyllaComprimida/build/CMakeFiles/CMakeTmp'
gmake: *** [Makefile:140: cmTC_ac283/fast] Error 2


Source file was:
__declspec(dllimport) void func(); void func() { } int main() { func(); return 0; }
